<?xml version="1.0" encoding="UTF-8"?>
<!-- Generated by org.testng.reporters.JUnitXMLReporter -->
<testsuite ignored="6" hostname="LAPTOP-0QJFP7EQ" failures="0" tests="8" name="Test-2" time="0.102" errors="0" timestamp="2022-10-11T06:53:09 IST">
  <testcase classname="sample2Neon.Neon3GlitTest" name="glit5NeonTest" time="0.01"/>
  <testcase classname="sample2Neon.Neon3GlitTest" name="glit6NeonTest" time="0.002"/>
  <testcase classname="sample1Neon.Neon1GlitTest" name="glit1NeonTest" time="0.001"/>
  <testcase classname="sample1Neon.Neon1GlitTest" name="glit2NeonTest" time="0.001"/>
  <testcase classname="sample2Neon.Neon4GlitTest" name="glit7NeonTest" time="0.001"/>
  <testcase classname="sample2Neon.Neon4GlitTest" name="glit8NeonTest" time="0.002"/>
  <testcase classname="sample1Neon.Neon2GlitTest" name="glit3NeonTest" time="0.001"/>
  <testcase classname="sample1Neon.Neon2GlitTest" name="glit4NeonTest" time="0.001"/>
  <testcase classname="com.skilrary.genericUtility.BaseClass" name="@AfterSuite configAS" time="0.0">
    <ignored/>
  </testcase> <!-- @AfterSuite configAS -->
  <testcase classname="com.skilrary.genericUtility.BaseClass" name="@AfterSuite configAS" time="0.0">
    <ignored/>
  </testcase> <!-- @AfterSuite configAS -->
  <testcase classname="com.skilrary.genericUtility.BaseClass" name="@AfterSuite configAS" time="0.0">
    <ignored/>
  </testcase> <!-- @AfterSuite configAS -->
  <testcase classname="com.skilrary.genericUtility.BaseClass" name="@BeforeSuite confugBS" time="0.0">
    <ignored/>
  </testcase> <!-- @BeforeSuite confugBS -->
  <testcase classname="com.skilrary.genericUtility.BaseClass" name="@BeforeSuite confugBS" time="0.0">
    <ignored/>
  </testcase> <!-- @BeforeSuite confugBS -->
  <testcase classname="com.skilrary.genericUtility.BaseClass" name="@BeforeSuite confugBS" time="0.0">
    <ignored/>
  </testcase> <!-- @BeforeSuite confugBS -->
</testsuite> <!-- Test-2 -->
