<?xml version="1.0" encoding="UTF-8"?>
<!-- Generated by org.testng.reporters.JUnitReportReporter -->
<testsuite hostname="LAPTOP-0QJFP7EQ" failures="0" tests="4" name="sample2Neon.Neon3GlitTest" time="0.028" errors="0" timestamp="2022-10-11T06:53:10 IST" skipped="0">
  <testcase classname="sample2Neon.Neon3GlitTest" name="glit6NeonTest" time="0.004"/>
  <system-out/>
  <testcase classname="sample2Neon.Neon3GlitTest" name="glit5NeonTest" time="0.010"/>
  <system-out/>
  <testcase classname="sample2Neon.Neon3GlitTest" name="glit6NeonTest" time="0.004"/>
  <system-out/>
  <testcase classname="sample2Neon.Neon3GlitTest" name="glit5NeonTest" time="0.010"/>
  <system-out/>
</testsuite> <!-- sample2Neon.Neon3GlitTest -->
