<?xml version="1.0" encoding="UTF-8"?>
<!-- Generated by org.testng.reporters.JUnitReportReporter -->
<testsuite hostname="LAPTOP-0QJFP7EQ" failures="0" tests="4" name="sample2Neon.Neon4GlitTest" time="0.010" errors="0" timestamp="2022-10-11T06:53:10 IST" skipped="0">
  <testcase classname="sample2Neon.Neon4GlitTest" name="glit8NeonTest" time="0.002"/>
  <system-out/>
  <testcase classname="sample2Neon.Neon4GlitTest" name="glit8NeonTest" time="0.003"/>
  <system-out/>
  <testcase classname="sample2Neon.Neon4GlitTest" name="glit7NeonTest" time="0.003"/>
  <system-out/>
  <testcase classname="sample2Neon.Neon4GlitTest" name="glit7NeonTest" time="0.002"/>
  <system-out/>
</testsuite> <!-- sample2Neon.Neon4GlitTest -->
