<?xml version="1.0" encoding="UTF-8"?>
<!-- Generated by org.testng.reporters.JUnitReportReporter -->
<testsuite hostname="LAPTOP-0QJFP7EQ" failures="0" tests="4" name="sample1Neon.Neon1GlitTest" time="0.011" errors="0" timestamp="2022-10-11T06:53:10 IST" skipped="0">
  <testcase classname="sample1Neon.Neon1GlitTest" name="glit2NeonTest" time="0.003"/>
  <system-out/>
  <testcase classname="sample1Neon.Neon1GlitTest" name="glit1NeonTest" time="0.004"/>
  <system-out/>
  <testcase classname="sample1Neon.Neon1GlitTest" name="glit2NeonTest" time="0.001"/>
  <system-out/>
  <testcase classname="sample1Neon.Neon1GlitTest" name="glit1NeonTest" time="0.003"/>
  <system-out/>
</testsuite> <!-- sample1Neon.Neon1GlitTest -->
