<?xml version="1.0" encoding="UTF-8"?>
<!-- Generated by org.testng.reporters.JUnitReportReporter -->
<testsuite hostname="LAPTOP-0QJFP7EQ" failures="0" tests="6" name="skillraryMorning.Sample3Test" time="0.025" errors="0" timestamp="2022-10-05T06:59:54 IST" skipped="0">
  <testcase classname="skillraryMorning.Sample3Test" name="editContactTest" time="0.002"/>
  <system-out/>
  <testcase classname="skillraryMorning.Sample3Test" name="createContactTest" time="0.016"/>
  <system-out/>
  <testcase classname="skillraryMorning.Sample3Test" name="editContactTest" time="0.003"/>
  <system-out/>
  <testcase classname="skillraryMorning.Sample3Test" name="createContactTest" time="0.002"/>
  <system-out/>
  <testcase classname="skillraryMorning.Sample3Test" name="editContactTest" time="0.001"/>
  <system-out/>
  <testcase classname="skillraryMorning.Sample3Test" name="editContactTest" time="0.001"/>
  <system-out/>
</testsuite> <!-- skillraryMorning.Sample3Test -->
