<?xml version="1.0" encoding="UTF-8"?>
<!-- Generated by org.testng.reporters.JUnitReportReporter -->
<testsuite hostname="LAPTOP-0QJFP7EQ" failures="0" tests="2" name="assertionSample.HardAssertSampleTest" time="0.018" errors="0" timestamp="2022-10-13T06:30:24 IST" skipped="0">
  <testcase classname="assertionSample.HardAssertSampleTest" name="createProjectTestr" time="0.018"/>
  <system-out/>
  <testcase classname="assertionSample.HardAssertSampleTest" name="updateProjectTestr" time="0.000"/>
  <system-out/>
</testsuite> <!-- assertionSample.HardAssertSampleTest -->
