<?xml version="1.0" encoding="UTF-8"?>
<!-- Generated by org.testng.reporters.JUnitReportReporter -->
<testsuite hostname="LAPTOP-0QJFP7EQ" failures="0" tests="2" name="skillraryMorning.TestngSampleTest" time="0.019" errors="0" timestamp="2022-10-05T06:50:36 IST" skipped="0">
  <testcase classname="skillraryMorning.TestngSampleTest" name="editContactTest" time="0.017"/>
  <system-out/>
  <testcase classname="skillraryMorning.TestngSampleTest" name="createContactTest" time="0.002"/>
  <system-out/>
</testsuite> <!-- skillraryMorning.TestngSampleTest -->
